<?xml version="1.0" encoding="UTF-8"?>
<!-- Generated by org.testng.reporters.JUnitXMLReporter -->
<testsuite ignored="1" hostname="DESKTOP-D0JLFQF" failures="0" tests="1" name="TEst1(failed)" time="15.377" errors="0" timestamp="2023-01-12T20:22:08 IST">
  <testcase classname="swaglab_DDF_03.ClassTestNG" name="verifySwagLabHomeAddCartbutton" time="0.856"/>
  <testcase classname="swaglab_DDF_03.ClassTestNG" name="verifySwagLabHomePageLogo" time="0.0">
    <ignored/>
  </testcase> <!-- verifySwagLabHomePageLogo -->
</testsuite> <!-- TEst1(failed) -->
