<?xml version="1.0" encoding="UTF-8"?>
<testng-results ignored="0" total="1" passed="1" failed="0" skipped="0">
  <reporter-output>
  </reporter-output>
  <suite started-at="2023-01-17T22:00:00 IST" name="Default suite" finished-at="2023-01-17T22:00:20 IST" duration-ms="20672">
    <groups>
    </groups>
    <test started-at="2023-01-17T22:00:00 IST" name="Default test" finished-at="2023-01-17T22:00:20 IST" duration-ms="20672">
      <class name="swaglab_DDF_01.SwagLAbTest_Base_And_Utility">
        <test-method is-config="true" signature="OpenBrowser()[pri:0, instance:swaglab_DDF_01.SwagLAbTest_Base_And_Utility@5ba3f27a]" started-at="2023-01-17T22:00:00 IST" name="OpenBrowser" finished-at="2023-01-17T22:00:10 IST" duration-ms="10422" status="PASS">
          <reporter-output>
          </reporter-output>
        </test-method> <!-- OpenBrowser -->
        <test-method is-config="true" signature="logininApp()[pri:0, instance:swaglab_DDF_01.SwagLAbTest_Base_And_Utility@5ba3f27a]" started-at="2023-01-17T22:00:10 IST" name="logininApp" finished-at="2023-01-17T22:00:16 IST" duration-ms="5844" status="PASS">
          <reporter-output>
          </reporter-output>
        </test-method> <!-- logininApp -->
        <test-method signature="verifylogo()[pri:0, instance:swaglab_DDF_01.SwagLAbTest_Base_And_Utility@5ba3f27a]" started-at="2023-01-17T22:00:16 IST" name="verifylogo" finished-at="2023-01-17T22:00:16 IST" duration-ms="123" status="PASS">
          <reporter-output>
          </reporter-output>
        </test-method> <!-- verifylogo -->
        <test-method is-config="true" signature="logoutfromApp()[pri:0, instance:swaglab_DDF_01.SwagLAbTest_Base_And_Utility@5ba3f27a]" started-at="2023-01-17T22:00:16 IST" name="logoutfromApp" finished-at="2023-01-17T22:00:18 IST" duration-ms="2214" status="PASS">
          <reporter-output>
          </reporter-output>
        </test-method> <!-- logoutfromApp -->
        <test-method is-config="true" signature="closeBrowser()[pri:0, instance:swaglab_DDF_01.SwagLAbTest_Base_And_Utility@5ba3f27a]" started-at="2023-01-17T22:00:18 IST" name="closeBrowser" finished-at="2023-01-17T22:00:20 IST" duration-ms="1991" status="PASS">
          <reporter-output>
          </reporter-output>
        </test-method> <!-- closeBrowser -->
      </class> <!-- swaglab_DDF_01.SwagLAbTest_Base_And_Utility -->
    </test> <!-- Default test -->
  </suite> <!-- Default suite -->
</testng-results>
